<?xml version="1.0" encoding="UTF-8"?>
<testng-results ignored="0" total="1" passed="1" failed="0" skipped="0">
  <reporter-output>
  </reporter-output>
  <suite started-at="2026-02-02T12:49:59 IST" name="Default suite" finished-at="2026-02-02T12:50:07 IST" duration-ms="7750">
    <groups>
    </groups>
    <test started-at="2026-02-02T12:49:59 IST" name="Default test" finished-at="2026-02-02T12:50:07 IST" duration-ms="7750">
      <class name="com.test.Database_Testing.Missing_tarstatus">
        <test-method signature="checkMissingbackupcompletedFiles()[pri:0, instance:com.test.Database_Testing.Missing_tarstatus@bae7dc0]" started-at="2026-02-02T12:49:59 IST" name="checkMissingbackupcompletedFiles" finished-at="2026-02-02T12:50:07 IST" duration-ms="7727" status="PASS">
          <reporter-output>
          </reporter-output>
        </test-method> <!-- checkMissingbackupcompletedFiles -->
      </class> <!-- com.test.Database_Testing.Missing_tarstatus -->
    </test> <!-- Default test -->
  </suite> <!-- Default suite -->
</testng-results>
